PS D:\projects\skillbox\microservices\users> mvn sonar:sonar
[INFO] Scanning for projects...
[INFO]
[INFO] ------------------< com.example.microservices:users >-------------------
[INFO] Building users 0.0.1-SNAPSHOT
[INFO] --------------------------------[ jar ]---------------------------------
[INFO]
[INFO] --- sonar-maven-plugin:3.9.1.2184:sonar (default-cli) @ users ---
[INFO] User cache: C:\Users\iurii\.sonar\cache
[INFO] SonarQube version: 9.9.0.65466
[INFO] Default locale: "ru_RU", source code encoding: "UTF-8"
[INFO] Load global settings
[INFO] Load global settings (done) | time=918ms
[INFO] Server id: 147B411E-AYZoFs27W1DfcGAt_3Zj
[INFO] User cache: C:\Users\iurii\.sonar\cache
[INFO] Load/download plugins
[INFO] Load plugins index
[INFO] Load plugins index (done) | time=953ms
[INFO] Load/download plugins (done) | time=20927ms
[INFO] Process project properties
[INFO] Process project properties (done) | time=90ms
[INFO] Execute project builders
[INFO] Execute project builders (done) | time=90ms
[INFO] Project key: com.example.microservices:users
[INFO] Base dir: D:\projects\skillbox\microservices\users
[INFO] Working dir: D:\projects\skillbox\microservices\users\target\sonar
[INFO] Load project settings for component key: 'com.example.microservices:users'
[INFO] Load quality profiles
[INFO] Load quality profiles (done) | time=1965ms
[INFO] Load active rules
[INFO] Load active rules (done) | time=20680ms
[INFO] Load analysis cache
[INFO] Load analysis cache (404) | time=543ms
[WARNING] Property 'sonar.password' is deprecated. It will not be supported in the future. Please instead use the 'sonar.login' parameter with a token.
[INFO] Load project repositories
[INFO] Load project repositories (done) | time=1140ms
[INFO] Indexing files...
[INFO] Project configuration:
[INFO]   Excluded sources for coverage: **/*Application.*
[INFO] 30 files indexed
[INFO] 0 files ignored because of scm ignore settings
[INFO] Quality profile for java: Sonar way
[INFO] Quality profile for xml: Sonar way
[INFO] ------------- Run sensors on module users
[INFO] Load metrics repository
[INFO] Load metrics repository (done) | time=846ms
[INFO] Sensor JavaSensor [java]
[INFO] Configured Java source version (sonar.java.source): 11
[INFO] JavaClasspath initialization
[INFO] JavaClasspath initialization (done) | time=48ms
[INFO] JavaTestClasspath initialization
[INFO] JavaTestClasspath initialization (done) | time=37ms
[INFO] Server-side caching is enabled. The Java analyzer will not try to leverage data from a previous analysis.
[INFO] Using ECJ batch to parse 20 Main java source files with batch size 159 KB.
[INFO] Starting batch processing.
[INFO] The Java analyzer cannot skip unchanged files in this context. A full analysis is performed for all files.
[INFO] 100% analyzed
[INFO] Batch processing: Done.
[INFO] Did not optimize analysis for any files, performed a full analysis for all 20 files.
[INFO] Using ECJ batch to parse 9 Test java source files with batch size 159 KB.
[INFO] Starting batch processing.
[INFO] 100% analyzed
[INFO] Batch processing: Done.
[INFO] Did not optimize analysis for any files, performed a full analysis for all 9 files.
[INFO] No "Generated" source files to scan.
[INFO] Sensor JavaSensor [java] (done) | time=13800ms
[INFO] Sensor JaCoCo XML Report Importer [jacoco]
[INFO] 'sonar.coverage.jacoco.xmlReportPaths' is not defined. Using default locations: target/site/jacoco/jacoco.xml,target/site/jacoco-it/jacoco.xml,build/reports/jacoco/test/jacocoTestReport.xml
[INFO] No report imported, no coverage information will be imported by JaCoCo XML Report Importer
[INFO] Sensor JaCoCo XML Report Importer [jacoco] (done) | time=102ms
[INFO] Sensor CSS Rules [javascript]
[INFO] No CSS, PHP, HTML or VueJS files are found in the project. CSS analysis is skipped.
[INFO] Sensor CSS Rules [javascript] (done) | time=20ms
[INFO] Sensor C# Project Type Information [csharp]
[INFO] Sensor C# Project Type Information [csharp] (done) | time=9ms
[INFO] Sensor C# Analysis Log [csharp]
[INFO] Sensor C# Analysis Log [csharp] (done) | time=183ms
[INFO] Sensor C# Properties [csharp]
[INFO] Sensor C# Properties [csharp] (done) | time=6ms
[INFO] Sensor SurefireSensor [java]
[INFO] parsing [D:\projects\skillbox\microservices\users\target\surefire-reports]
[INFO] Sensor SurefireSensor [java] (done) | time=545ms
[INFO] Sensor HTML [web]
[INFO] Sensor HTML [web] (done) | time=10ms
[INFO] Sensor XML Sensor [xml]
[INFO] 1 source file to be analyzed
[INFO] 1/1 source file has been analyzed
[INFO] Sensor XML Sensor [xml] (done) | time=882ms
[INFO] Sensor TextAndSecretsSensor [text]
[INFO] 30 source files to be analyzed
[INFO] 30/30 source files have been analyzed
[INFO] Sensor TextAndSecretsSensor [text] (done) | time=374ms
[INFO] Sensor VB.NET Project Type Information [vbnet]
[INFO] Sensor VB.NET Project Type Information [vbnet] (done) | time=9ms
[INFO] Sensor VB.NET Analysis Log [vbnet]
[INFO] Sensor VB.NET Analysis Log [vbnet] (done) | time=152ms
[INFO] Sensor VB.NET Properties [vbnet]
[INFO] Sensor VB.NET Properties [vbnet] (done) | time=4ms
[INFO] Sensor IaC Docker Sensor [iac]
[INFO] 0 source files to be analyzed
[INFO] 0/0 source files have been analyzed
[INFO] Sensor IaC Docker Sensor [iac] (done) | time=252ms
[INFO] ------------- Run sensors on project
[INFO] Sensor Analysis Warnings import [csharp]
[INFO] Sensor Analysis Warnings import [csharp] (done) | time=10ms
[INFO] Sensor Zero Coverage Sensor
[INFO] Sensor Zero Coverage Sensor (done) | time=91ms
[INFO] Sensor Java CPD Block Indexer
[INFO] Sensor Java CPD Block Indexer (done) | time=171ms
[INFO] SCM Publisher SCM provider for this project is: git
[INFO] SCM Publisher 30 source files to be analyzed
[INFO] SCM Publisher 29/30 source files have been analyzed (done) | time=3780ms
[WARNING] Missing blame information for the following files:
[WARNING]   * pom.xml
[WARNING] This may lead to missing/broken features in SonarQube
[INFO] CPD Executor 7 files had no CPD blocks
[INFO] CPD Executor Calculating CPD for 13 files
[INFO] CPD Executor CPD calculation finished (done) | time=49ms
[INFO] Analysis report generated in 536ms, dir size=291.1 kB
[INFO] Analysis report compressed in 2955ms, zip size=101.7 kB
[INFO] Analysis report uploaded in 2609ms
[INFO] ANALYSIS SUCCESSFUL, you can find the results at: http://localhost:9000/dashboard?id=com.example.microservices%3Ausers
[INFO] Note that you will be able to access the updated dashboard once the server has processed the submitted analysis report
[INFO] More about the report processing at http://localhost:9000/api/ce/task?id=AYZo3qrsW1DfcGAtABS8
[INFO] Analysis total time: 1:15.359 s
[INFO] ------------------------------------------------------------------------
[INFO] BUILD SUCCESS
[INFO] ------------------------------------------------------------------------
[INFO] Total time:  02:04 min
[INFO] Finished at: 2023-02-19T11:51:09+03:00
[INFO] ------------------------------------------------------------------------
PS D:\projects\skillbox\microservices\users>
